{"C:\\Users\\ANUUSH MB\\Downloads\\uploadit\\uploadit\\src\\App.js": {"path":"C:\\Users\\ANUUSH MB\\Downloads\\uploadit\\uploadit\\src\\App.js","statementMap":{"0":{"start":{"line":5,"column":4},"end":{"line":9,"column":6}}},"fnMap":{"0":{"name":"App","decl":{"start":{"line":4,"column":9},"end":{"line":4,"column":12}},"loc":{"start":{"line":4,"column":15},"end":{"line":10,"column":1}},"line":4}},"branchMap":{},"s":{"0":0},"f":{"0":0},"b":{}}
,"C:\\Users\\ANUUSH MB\\Downloads\\uploadit\\uploadit\\src\\components\\Home.jsx": {"path":"C:\\Users\\ANUUSH MB\\Downloads\\uploadit\\uploadit\\src\\components\\Home.jsx","statementMap":{"0":{"start":{"line":8,"column":40},"end":{"line":8,"column":49}},"1":{"start":{"line":9,"column":18},"end":{"line":9,"column":50}},"2":{"start":{"line":10,"column":16},"end":{"line":10,"column":30}},"3":{"start":{"line":12,"column":4},"end":{"line":18,"column":5}},"4":{"start":{"line":13,"column":8},"end":{"line":17,"column":9}},"5":{"start":{"line":20,"column":4},"end":{"line":22,"column":5}},"6":{"start":{"line":21,"column":8},"end":{"line":21,"column":25}},"7":{"start":{"line":24,"column":4},"end":{"line":49,"column":6}}},"fnMap":{"0":{"name":"Home","decl":{"start":{"line":6,"column":24},"end":{"line":6,"column":28}},"loc":{"start":{"line":6,"column":31},"end":{"line":50,"column":1}},"line":6}},"branchMap":{"0":{"loc":{"start":{"line":12,"column":4},"end":{"line":18,"column":5}},"type":"if","locations":[{"start":{"line":12,"column":4},"end":{"line":18,"column":5}},{"start":{},"end":{}}],"line":12},"1":{"loc":{"start":{"line":20,"column":4},"end":{"line":22,"column":5}},"type":"if","locations":[{"start":{"line":20,"column":4},"end":{"line":22,"column":5}},{"start":{},"end":{}}],"line":20}},"s":{"0":0,"1":0,"2":0,"3":0,"4":0,"5":0,"6":0,"7":0},"f":{"0":0},"b":{"0":[0,0],"1":[0,0]}}
,"C:\\Users\\ANUUSH MB\\Downloads\\uploadit\\uploadit\\src\\components\\ImageGallery.jsx": {"path":"C:\\Users\\ANUUSH MB\\Downloads\\uploadit\\uploadit\\src\\components\\ImageGallery.jsx","statementMap":{"0":{"start":{"line":7,"column":4},"end":{"line":9,"column":5}},"1":{"start":{"line":8,"column":8},"end":{"line":8,"column":31}},"2":{"start":{"line":10,"column":4},"end":{"line":10,"column":28}},"3":{"start":{"line":14,"column":4},"end":{"line":14,"column":46}},"4":{"start":{"line":14,"column":34},"end":{"line":14,"column":46}},"5":{"start":{"line":15,"column":22},"end":{"line":15,"column":43}},"6":{"start":{"line":16,"column":33},"end":{"line":16,"column":71}},"7":{"start":{"line":17,"column":26},"end":{"line":17,"column":78}},"8":{"start":{"line":18,"column":4},"end":{"line":18,"column":43}},"9":{"start":{"line":22,"column":30},"end":{"line":22,"column":42}},"10":{"start":{"line":23,"column":21},"end":{"line":23,"column":30}},"11":{"start":{"line":25,"column":4},"end":{"line":35,"column":11}},"12":{"start":{"line":26,"column":8},"end":{"line":34,"column":9}},"13":{"start":{"line":27,"column":31},"end":{"line":32,"column":13}},"14":{"start":{"line":28,"column":35},"end":{"line":28,"column":68}},"15":{"start":{"line":29,"column":31},"end":{"line":29,"column":56}},"16":{"start":{"line":30,"column":16},"end":{"line":30,"column":39}},"17":{"start":{"line":31,"column":16},"end":{"line":31,"column":35}},"18":{"start":{"line":33,"column":12},"end":{"line":33,"column":25}},"19":{"start":{"line":37,"column":26},"end":{"line":52,"column":5}},"20":{"start":{"line":38,"column":8},"end":{"line":51,"column":9}},"21":{"start":{"line":39,"column":29},"end":{"line":39,"column":74}},"22":{"start":{"line":40,"column":24},"end":{"line":40,"column":54}},"23":{"start":{"line":42,"column":25},"end":{"line":42,"column":52}},"24":{"start":{"line":43,"column":12},"end":{"line":43,"column":28}},"25":{"start":{"line":44,"column":12},"end":{"line":44,"column":35}},"26":{"start":{"line":45,"column":12},"end":{"line":45,"column":37}},"27":{"start":{"line":46,"column":12},"end":{"line":46,"column":44}},"28":{"start":{"line":47,"column":12},"end":{"line":47,"column":25}},"29":{"start":{"line":48,"column":12},"end":{"line":48,"column":44}},"30":{"start":{"line":50,"column":12},"end":{"line":50,"column":65}},"31":{"start":{"line":54,"column":4},"end":{"line":80,"column":6}},"32":{"start":{"line":57,"column":16},"end":{"line":77,"column":18}},"33":{"start":{"line":60,"column":43},"end":{"line":60,"column":67}}},"fnMap":{"0":{"name":"getFileIcon","decl":{"start":{"line":6,"column":9},"end":{"line":6,"column":20}},"loc":{"start":{"line":6,"column":34},"end":{"line":11,"column":1}},"line":6},"1":{"name":"truncateFileName","decl":{"start":{"line":13,"column":9},"end":{"line":13,"column":25}},"loc":{"start":{"line":13,"column":48},"end":{"line":19,"column":1}},"line":13},"2":{"name":"FileGallery","decl":{"start":{"line":21,"column":24},"end":{"line":21,"column":35}},"loc":{"start":{"line":21,"column":38},"end":{"line":81,"column":1}},"line":21},"3":{"name":"(anonymous_3)","decl":{"start":{"line":25,"column":14},"end":{"line":25,"column":15}},"loc":{"start":{"line":25,"column":20},"end":{"line":35,"column":5}},"line":25},"4":{"name":"(anonymous_4)","decl":{"start":{"line":27,"column":31},"end":{"line":27,"column":32}},"loc":{"start":{"line":27,"column":43},"end":{"line":32,"column":13}},"line":27},"5":{"name":"(anonymous_5)","decl":{"start":{"line":37,"column":26},"end":{"line":37,"column":27}},"loc":{"start":{"line":37,"column":46},"end":{"line":52,"column":5}},"line":37},"6":{"name":"(anonymous_6)","decl":{"start":{"line":56,"column":23},"end":{"line":56,"column":24}},"loc":{"start":{"line":56,"column":40},"end":{"line":78,"column":13}},"line":56},"7":{"name":"(anonymous_7)","decl":{"start":{"line":60,"column":37},"end":{"line":60,"column":38}},"loc":{"start":{"line":60,"column":43},"end":{"line":60,"column":67}},"line":60}},"branchMap":{"0":{"loc":{"start":{"line":7,"column":4},"end":{"line":9,"column":5}},"type":"if","locations":[{"start":{"line":7,"column":4},"end":{"line":9,"column":5}},{"start":{},"end":{}}],"line":7},"1":{"loc":{"start":{"line":13,"column":32},"end":{"line":13,"column":46}},"type":"default-arg","locations":[{"start":{"line":13,"column":44},"end":{"line":13,"column":46}}],"line":13},"2":{"loc":{"start":{"line":14,"column":4},"end":{"line":14,"column":46}},"type":"if","locations":[{"start":{"line":14,"column":4},"end":{"line":14,"column":46}},{"start":{},"end":{}}],"line":14},"3":{"loc":{"start":{"line":26,"column":8},"end":{"line":34,"column":9}},"type":"if","locations":[{"start":{"line":26,"column":8},"end":{"line":34,"column":9}},{"start":{},"end":{}}],"line":26}},"s":{"0":0,"1":0,"2":0,"3":0,"4":0,"5":0,"6":0,"7":0,"8":0,"9":0,"10":0,"11":0,"12":0,"13":0,"14":0,"15":0,"16":0,"17":0,"18":0,"19":0,"20":0,"21":0,"22":0,"23":0,"24":0,"25":0,"26":0,"27":0,"28":0,"29":0,"30":0,"31":0,"32":0,"33":0},"f":{"0":0,"1":0,"2":0,"3":0,"4":0,"5":0,"6":0,"7":0},"b":{"0":[0,0],"1":[0],"2":[0,0],"3":[0,0]}}
,"C:\\Users\\ANUUSH MB\\Downloads\\uploadit\\uploadit\\src\\components\\ImageUpload.jsx": {"path":"C:\\Users\\ANUUSH MB\\Downloads\\uploadit\\uploadit\\src\\components\\ImageUpload.jsx","statementMap":{"0":{"start":{"line":7,"column":30},"end":{"line":7,"column":44}},"1":{"start":{"line":8,"column":38},"end":{"line":8,"column":53}},"2":{"start":{"line":9,"column":21},"end":{"line":9,"column":30}},"3":{"start":{"line":11,"column":30},"end":{"line":15,"column":5}},"4":{"start":{"line":12,"column":8},"end":{"line":14,"column":9}},"5":{"start":{"line":13,"column":12},"end":{"line":13,"column":40}},"6":{"start":{"line":17,"column":25},"end":{"line":31,"column":5}},"7":{"start":{"line":18,"column":8},"end":{"line":18,"column":27}},"8":{"start":{"line":19,"column":8},"end":{"line":30,"column":9}},"9":{"start":{"line":20,"column":12},"end":{"line":20,"column":31}},"10":{"start":{"line":21,"column":12},"end":{"line":29,"column":13}},"11":{"start":{"line":22,"column":35},"end":{"line":22,"column":82}},"12":{"start":{"line":23,"column":16},"end":{"line":23,"column":53}},"13":{"start":{"line":24,"column":36},"end":{"line":24,"column":68}},"14":{"start":{"line":25,"column":16},"end":{"line":25,"column":59}},"15":{"start":{"line":26,"column":16},"end":{"line":26,"column":31}},"16":{"start":{"line":27,"column":16},"end":{"line":27,"column":36}},"17":{"start":{"line":28,"column":16},"end":{"line":28,"column":41}},"18":{"start":{"line":33,"column":4},"end":{"line":53,"column":6}}},"fnMap":{"0":{"name":"ImageUpload","decl":{"start":{"line":6,"column":24},"end":{"line":6,"column":35}},"loc":{"start":{"line":6,"column":38},"end":{"line":54,"column":1}},"line":6},"1":{"name":"(anonymous_1)","decl":{"start":{"line":11,"column":30},"end":{"line":11,"column":31}},"loc":{"start":{"line":11,"column":37},"end":{"line":15,"column":5}},"line":11},"2":{"name":"(anonymous_2)","decl":{"start":{"line":17,"column":25},"end":{"line":17,"column":26}},"loc":{"start":{"line":17,"column":38},"end":{"line":31,"column":5}},"line":17}},"branchMap":{"0":{"loc":{"start":{"line":12,"column":8},"end":{"line":14,"column":9}},"type":"if","locations":[{"start":{"line":12,"column":8},"end":{"line":14,"column":9}},{"start":{},"end":{}}],"line":12},"1":{"loc":{"start":{"line":19,"column":8},"end":{"line":30,"column":9}},"type":"if","locations":[{"start":{"line":19,"column":8},"end":{"line":30,"column":9}},{"start":{},"end":{}}],"line":19},"2":{"loc":{"start":{"line":21,"column":12},"end":{"line":29,"column":13}},"type":"if","locations":[{"start":{"line":21,"column":12},"end":{"line":29,"column":13}},{"start":{},"end":{}}],"line":21},"3":{"loc":{"start":{"line":46,"column":30},"end":{"line":46,"column":49}},"type":"binary-expr","locations":[{"start":{"line":46,"column":30},"end":{"line":46,"column":36}},{"start":{"line":46,"column":40},"end":{"line":46,"column":49}}],"line":46},"4":{"loc":{"start":{"line":47,"column":143},"end":{"line":47,"column":203}},"type":"cond-expr","locations":[{"start":{"line":47,"column":167},"end":{"line":47,"column":198}},{"start":{"line":47,"column":201},"end":{"line":47,"column":203}}],"line":47},"5":{"loc":{"start":{"line":47,"column":144},"end":{"line":47,"column":163}},"type":"binary-expr","locations":[{"start":{"line":47,"column":144},"end":{"line":47,"column":150}},{"start":{"line":47,"column":154},"end":{"line":47,"column":163}}],"line":47},"6":{"loc":{"start":{"line":49,"column":21},"end":{"line":49,"column":63}},"type":"cond-expr","locations":[{"start":{"line":49,"column":33},"end":{"line":49,"column":47}},{"start":{"line":49,"column":50},"end":{"line":49,"column":63}}],"line":49}},"s":{"0":0,"1":0,"2":0,"3":0,"4":0,"5":0,"6":0,"7":0,"8":0,"9":0,"10":0,"11":0,"12":0,"13":0,"14":0,"15":0,"16":0,"17":0,"18":0},"f":{"0":0,"1":0,"2":0},"b":{"0":[0,0],"1":[0,0],"2":[0,0],"3":[0,0],"4":[0,0],"5":[0,0],"6":[0,0]}}
,"C:\\Users\\ANUUSH MB\\Downloads\\uploadit\\uploadit\\src\\components\\ImageUpload2.jsx": {"path":"C:\\Users\\ANUUSH MB\\Downloads\\uploadit\\uploadit\\src\\components\\ImageUpload2.jsx","statementMap":{"0":{"start":{"line":19,"column":0},"end":{"line":19,"column":78}},"1":{"start":{"line":23,"column":30},"end":{"line":23,"column":42}},"2":{"start":{"line":25,"column":30},"end":{"line":35,"column":5}},"3":{"start":{"line":26,"column":8},"end":{"line":34,"column":9}},"4":{"start":{"line":27,"column":31},"end":{"line":27,"column":74}},"5":{"start":{"line":28,"column":32},"end":{"line":28,"column":64}},"6":{"start":{"line":29,"column":12},"end":{"line":29,"column":55}},"7":{"start":{"line":31,"column":12},"end":{"line":31,"column":27}},"8":{"start":{"line":33,"column":12},"end":{"line":33,"column":58}},"9":{"start":{"line":37,"column":4},"end":{"line":49,"column":5}}},"fnMap":{"0":{"name":"App","decl":{"start":{"line":22,"column":9},"end":{"line":22,"column":12}},"loc":{"start":{"line":22,"column":15},"end":{"line":50,"column":1}},"line":22},"1":{"name":"(anonymous_1)","decl":{"start":{"line":25,"column":30},"end":{"line":25,"column":31}},"loc":{"start":{"line":25,"column":51},"end":{"line":35,"column":5}},"line":25}},"branchMap":{},"s":{"0":0,"1":0,"2":0,"3":0,"4":0,"5":0,"6":0,"7":0,"8":0,"9":0},"f":{"0":0,"1":0},"b":{}}
,"C:\\Users\\ANUUSH MB\\Downloads\\uploadit\\uploadit\\src\\components\\Login.jsx": {"path":"C:\\Users\\ANUUSH MB\\Downloads\\uploadit\\uploadit\\src\\components\\Login.jsx","statementMap":{"0":{"start":{"line":5,"column":22},"end":{"line":5,"column":31}},"1":{"start":{"line":7,"column":4},"end":{"line":24,"column":6}}},"fnMap":{"0":{"name":"Login","decl":{"start":{"line":3,"column":24},"end":{"line":3,"column":29}},"loc":{"start":{"line":3,"column":32},"end":{"line":25,"column":1}},"line":3}},"branchMap":{},"s":{"0":0,"1":0},"f":{"0":0},"b":{}}
,"C:\\Users\\ANUUSH MB\\Downloads\\uploadit\\uploadit\\src\\components\\fileshare.js": {"path":"C:\\Users\\ANUUSH MB\\Downloads\\uploadit\\uploadit\\src\\components\\fileshare.js","statementMap":{"0":{"start":{"line":10,"column":0},"end":{"line":10,"column":43}},"1":{"start":{"line":12,"column":18},"end":{"line":72,"column":1}},"2":{"start":{"line":13,"column":30},"end":{"line":13,"column":42}},"3":{"start":{"line":14,"column":42},"end":{"line":14,"column":53}},"4":{"start":{"line":15,"column":34},"end":{"line":15,"column":46}},"5":{"start":{"line":17,"column":29},"end":{"line":58,"column":5}},"6":{"start":{"line":18,"column":24},"end":{"line":18,"column":54}},"7":{"start":{"line":19,"column":27},"end":{"line":19,"column":62}},"8":{"start":{"line":21,"column":8},"end":{"line":57,"column":10}},"9":{"start":{"line":23,"column":35},"end":{"line":23,"column":90}},"10":{"start":{"line":24,"column":16},"end":{"line":24,"column":43}},"11":{"start":{"line":27,"column":16},"end":{"line":27,"column":61}},"12":{"start":{"line":30,"column":16},"end":{"line":55,"column":19}},"13":{"start":{"line":31,"column":20},"end":{"line":52,"column":23}},"14":{"start":{"line":32,"column":45},"end":{"line":38,"column":25}},"15":{"start":{"line":40,"column":48},"end":{"line":40,"column":85}},"16":{"start":{"line":41,"column":24},"end":{"line":41,"column":64}},"17":{"start":{"line":43,"column":39},"end":{"line":43,"column":74}},"18":{"start":{"line":44,"column":24},"end":{"line":47,"column":27}},"19":{"start":{"line":49,"column":24},"end":{"line":49,"column":53}},"20":{"start":{"line":51,"column":24},"end":{"line":51,"column":80}},"21":{"start":{"line":54,"column":20},"end":{"line":54,"column":80}},"22":{"start":{"line":60,"column":4},"end":{"line":71,"column":6}}},"fnMap":{"0":{"name":"(anonymous_0)","decl":{"start":{"line":12,"column":18},"end":{"line":12,"column":19}},"loc":{"start":{"line":12,"column":31},"end":{"line":72,"column":1}},"line":12},"1":{"name":"(anonymous_1)","decl":{"start":{"line":17,"column":29},"end":{"line":17,"column":30}},"loc":{"start":{"line":17,"column":90},"end":{"line":58,"column":5}},"line":17},"2":{"name":"(anonymous_2)","decl":{"start":{"line":22,"column":12},"end":{"line":22,"column":13}},"loc":{"start":{"line":22,"column":26},"end":{"line":25,"column":13}},"line":22},"3":{"name":"(anonymous_3)","decl":{"start":{"line":26,"column":12},"end":{"line":26,"column":13}},"loc":{"start":{"line":26,"column":23},"end":{"line":28,"column":13}},"line":26},"4":{"name":"(anonymous_4)","decl":{"start":{"line":29,"column":12},"end":{"line":29,"column":13}},"loc":{"start":{"line":29,"column":18},"end":{"line":56,"column":13}},"line":29},"5":{"name":"(anonymous_5)","decl":{"start":{"line":30,"column":61},"end":{"line":30,"column":62}},"loc":{"start":{"line":30,"column":78},"end":{"line":53,"column":17}},"line":30},"6":{"name":"(anonymous_6)","decl":{"start":{"line":31,"column":46},"end":{"line":31,"column":47}},"loc":{"start":{"line":31,"column":60},"end":{"line":50,"column":21}},"line":31},"7":{"name":"(anonymous_7)","decl":{"start":{"line":50,"column":29},"end":{"line":50,"column":30}},"loc":{"start":{"line":50,"column":40},"end":{"line":52,"column":21}},"line":50},"8":{"name":"(anonymous_8)","decl":{"start":{"line":53,"column":25},"end":{"line":53,"column":26}},"loc":{"start":{"line":53,"column":36},"end":{"line":55,"column":17}},"line":53}},"branchMap":{},"s":{"0":0,"1":0,"2":0,"3":0,"4":0,"5":0,"6":0,"7":0,"8":0,"9":0,"10":0,"11":0,"12":0,"13":0,"14":0,"15":0,"16":0,"17":0,"18":0,"19":0,"20":0,"21":0,"22":0},"f":{"0":0,"1":0,"2":0,"3":0,"4":0,"5":0,"6":0,"7":0,"8":0},"b":{}}
,"C:\\Users\\ANUUSH MB\\Downloads\\uploadit\\uploadit\\src\\components\\filetable.js": {"path":"C:\\Users\\ANUUSH MB\\Downloads\\uploadit\\uploadit\\src\\components\\filetable.js","statementMap":{"0":{"start":{"line":6,"column":18},"end":{"line":55,"column":1}},"1":{"start":{"line":8,"column":23},"end":{"line":24,"column":5}},"2":{"start":{"line":9,"column":24},"end":{"line":9,"column":49}},"3":{"start":{"line":10,"column":8},"end":{"line":23,"column":11}},"4":{"start":{"line":11,"column":36},"end":{"line":11,"column":80}},"5":{"start":{"line":12,"column":12},"end":{"line":20,"column":15}},"6":{"start":{"line":13,"column":31},"end":{"line":13,"column":66}},"7":{"start":{"line":14,"column":16},"end":{"line":17,"column":19}},"8":{"start":{"line":19,"column":16},"end":{"line":19,"column":78}},"9":{"start":{"line":22,"column":12},"end":{"line":22,"column":65}},"10":{"start":{"line":26,"column":20},"end":{"line":32,"column":5}},"11":{"start":{"line":27,"column":8},"end":{"line":31,"column":9}},"12":{"start":{"line":28,"column":12},"end":{"line":28,"column":81}},"13":{"start":{"line":30,"column":12},"end":{"line":30,"column":80}},"14":{"start":{"line":34,"column":4},"end":{"line":54,"column":6}},"15":{"start":{"line":37,"column":16},"end":{"line":51,"column":22}},"16":{"start":{"line":46,"column":81},"end":{"line":46,"column":116}}},"fnMap":{"0":{"name":"(anonymous_0)","decl":{"start":{"line":6,"column":18},"end":{"line":6,"column":19}},"loc":{"start":{"line":6,"column":40},"end":{"line":55,"column":1}},"line":6},"1":{"name":"(anonymous_1)","decl":{"start":{"line":8,"column":23},"end":{"line":8,"column":24}},"loc":{"start":{"line":8,"column":38},"end":{"line":24,"column":5}},"line":8},"2":{"name":"(anonymous_2)","decl":{"start":{"line":10,"column":35},"end":{"line":10,"column":36}},"loc":{"start":{"line":10,"column":41},"end":{"line":21,"column":9}},"line":10},"3":{"name":"(anonymous_3)","decl":{"start":{"line":12,"column":41},"end":{"line":12,"column":42}},"loc":{"start":{"line":12,"column":47},"end":{"line":18,"column":13}},"line":12},"4":{"name":"(anonymous_4)","decl":{"start":{"line":18,"column":21},"end":{"line":18,"column":22}},"loc":{"start":{"line":18,"column":32},"end":{"line":20,"column":13}},"line":18},"5":{"name":"(anonymous_5)","decl":{"start":{"line":21,"column":17},"end":{"line":21,"column":18}},"loc":{"start":{"line":21,"column":28},"end":{"line":23,"column":9}},"line":21},"6":{"name":"(anonymous_6)","decl":{"start":{"line":26,"column":20},"end":{"line":26,"column":21}},"loc":{"start":{"line":26,"column":30},"end":{"line":32,"column":5}},"line":26},"7":{"name":"(anonymous_7)","decl":{"start":{"line":36,"column":25},"end":{"line":36,"column":26}},"loc":{"start":{"line":37,"column":16},"end":{"line":51,"column":22}},"line":37},"8":{"name":"(anonymous_8)","decl":{"start":{"line":46,"column":75},"end":{"line":46,"column":76}},"loc":{"start":{"line":46,"column":81},"end":{"line":46,"column":116}},"line":46}},"branchMap":{"0":{"loc":{"start":{"line":27,"column":8},"end":{"line":31,"column":9}},"type":"if","locations":[{"start":{"line":27,"column":8},"end":{"line":31,"column":9}},{"start":{"line":29,"column":15},"end":{"line":31,"column":9}}],"line":27}},"s":{"0":0,"1":0,"2":0,"3":0,"4":0,"5":0,"6":0,"7":0,"8":0,"9":0,"10":0,"11":0,"12":0,"13":0,"14":0,"15":0,"16":0},"f":{"0":0,"1":0,"2":0,"3":0,"4":0,"5":0,"6":0,"7":0,"8":0},"b":{"0":[0,0]}}
,"C:\\Users\\ANUUSH MB\\Downloads\\uploadit\\uploadit\\src\\config\\store.js": {"path":"C:\\Users\\ANUUSH MB\\Downloads\\uploadit\\uploadit\\src\\config\\store.js","statementMap":{"0":{"start":{"line":6,"column":15},"end":{"line":13,"column":1}},"1":{"start":{"line":15,"column":12},"end":{"line":15,"column":33}},"2":{"start":{"line":17,"column":13},"end":{"line":17,"column":25}},"3":{"start":{"line":18,"column":17},"end":{"line":18,"column":33}},"4":{"start":{"line":19,"column":16},"end":{"line":19,"column":31}}},"fnMap":{},"branchMap":{},"s":{"0":0,"1":0,"2":0,"3":0,"4":0},"f":{},"b":{}}
,"C:\\Users\\ANUUSH MB\\Downloads\\uploadit\\uploadit\\src\\container\\navbar.js": {"path":"C:\\Users\\ANUUSH MB\\Downloads\\uploadit\\uploadit\\src\\container\\navbar.js","statementMap":{"0":{"start":{"line":4,"column":15},"end":{"line":24,"column":1}},"1":{"start":{"line":7,"column":18},"end":{"line":7,"column":36}},"2":{"start":{"line":8,"column":21},"end":{"line":11,"column":5}},"3":{"start":{"line":9,"column":21},"end":{"line":9,"column":30}},"4":{"start":{"line":10,"column":8},"end":{"line":10,"column":22}},"5":{"start":{"line":13,"column":4},"end":{"line":23,"column":6}}},"fnMap":{"0":{"name":"(anonymous_0)","decl":{"start":{"line":4,"column":15},"end":{"line":4,"column":16}},"loc":{"start":{"line":4,"column":34},"end":{"line":24,"column":1}},"line":4},"1":{"name":"(anonymous_1)","decl":{"start":{"line":8,"column":21},"end":{"line":8,"column":22}},"loc":{"start":{"line":8,"column":27},"end":{"line":11,"column":5}},"line":8}},"branchMap":{},"s":{"0":0,"1":0,"2":0,"3":0,"4":0,"5":0},"f":{"0":0,"1":0},"b":{}}
,"C:\\Users\\ANUUSH MB\\Downloads\\uploadit\\uploadit\\src\\contexts\\AuthContext.js": {"path":"C:\\Users\\ANUUSH MB\\Downloads\\uploadit\\uploadit\\src\\contexts\\AuthContext.js","statementMap":{"0":{"start":{"line":5,"column":20},"end":{"line":5,"column":35}},"1":{"start":{"line":8,"column":38},"end":{"line":8,"column":52}},"2":{"start":{"line":9,"column":28},"end":{"line":9,"column":42}},"3":{"start":{"line":11,"column":4},"end":{"line":17,"column":11}},"4":{"start":{"line":12,"column":28},"end":{"line":15,"column":10}},"5":{"start":{"line":13,"column":12},"end":{"line":13,"column":26}},"6":{"start":{"line":14,"column":12},"end":{"line":14,"column":32}},"7":{"start":{"line":16,"column":8},"end":{"line":16,"column":27}},"8":{"start":{"line":19,"column":18},"end":{"line":22,"column":5}},"9":{"start":{"line":20,"column":25},"end":{"line":20,"column":49}},"10":{"start":{"line":21,"column":8},"end":{"line":21,"column":47}},"11":{"start":{"line":24,"column":19},"end":{"line":26,"column":5}},"12":{"start":{"line":25,"column":8},"end":{"line":25,"column":29}},"13":{"start":{"line":28,"column":4},"end":{"line":32,"column":6}},"14":{"start":{"line":35,"column":23},"end":{"line":35,"column":52}},"15":{"start":{"line":35,"column":29},"end":{"line":35,"column":52}}},"fnMap":{"0":{"name":"AuthProvider","decl":{"start":{"line":7,"column":16},"end":{"line":7,"column":28}},"loc":{"start":{"line":7,"column":43},"end":{"line":33,"column":1}},"line":7},"1":{"name":"(anonymous_1)","decl":{"start":{"line":11,"column":14},"end":{"line":11,"column":15}},"loc":{"start":{"line":11,"column":20},"end":{"line":17,"column":5}},"line":11},"2":{"name":"(anonymous_2)","decl":{"start":{"line":12,"column":53},"end":{"line":12,"column":54}},"loc":{"start":{"line":12,"column":63},"end":{"line":15,"column":9}},"line":12},"3":{"name":"(anonymous_3)","decl":{"start":{"line":19,"column":18},"end":{"line":19,"column":19}},"loc":{"start":{"line":19,"column":24},"end":{"line":22,"column":5}},"line":19},"4":{"name":"(anonymous_4)","decl":{"start":{"line":24,"column":19},"end":{"line":24,"column":20}},"loc":{"start":{"line":24,"column":25},"end":{"line":26,"column":5}},"line":24},"5":{"name":"(anonymous_5)","decl":{"start":{"line":35,"column":23},"end":{"line":35,"column":24}},"loc":{"start":{"line":35,"column":29},"end":{"line":35,"column":52}},"line":35}},"branchMap":{},"s":{"0":0,"1":0,"2":0,"3":0,"4":0,"5":0,"6":0,"7":0,"8":0,"9":0,"10":0,"11":0,"12":0,"13":0,"14":0,"15":0},"f":{"0":0,"1":0,"2":0,"3":0,"4":0,"5":0},"b":{}}
,"C:\\Users\\ANUUSH MB\\Downloads\\uploadit\\uploadit\\src\\firebase\\firebaseConfig.js": {"path":"C:\\Users\\ANUUSH MB\\Downloads\\uploadit\\uploadit\\src\\firebase\\firebaseConfig.js","statementMap":{"0":{"start":{"line":5,"column":23},"end":{"line":12,"column":1}},"1":{"start":{"line":14,"column":12},"end":{"line":14,"column":41}},"2":{"start":{"line":15,"column":20},"end":{"line":15,"column":32}},"3":{"start":{"line":16,"column":23},"end":{"line":16,"column":38}}},"fnMap":{},"branchMap":{},"s":{"0":0,"1":0,"2":0,"3":0},"f":{},"b":{}}
}
